<?xml version="1.0" encoding="UTF-8"?>
<!-- Generated by org.testng.reporters.JUnitXMLReporter -->
<testsuite ignored="0" hostname="LAPTOP-2D2HD7IM" failures="1" tests="5" name="Default test" time="7.393" errors="0" timestamp="2023-05-01T16:53:47 CEST">
  <testcase classname="trustedshopsTest.TrustedShopsE2ETest" name="pageTitleForJalousiescoutReviewPage" time="0.225"/>
  <testcase classname="trustedshopsTest.TrustedShopsE2ETest" name="checkGradeTest" time="0.097"/>
  <testcase classname="trustedshopsTest.TrustedShopsE2ETest" name="checkNotePageTest" time="0.866"/>
  <testcase classname="trustedshopsTest.TrustedShopsE2ETest" name="checkTotalReviewsPercentageTest" time="0.478"/>
  <testcase classname="trustedshopsTest.TrustedShopsE2ETest" name="check2StarReviewsTest" time="2.866">
    <failure type="java.lang.AssertionError" message="expected [true] but found [false]">
      <![CDATA[java.lang.AssertionError: expected [true] but found [false]
at trustedshopsPages.TrustedShopsE2ETestPage.verifyListOfAll2StarReviews(TrustedShopsE2ETestPage.java:96)
at trustedshopsTest.TrustedShopsE2ETest.check2StarReviewsTest(TrustedShopsE2ETest.java:95)
at java.base/java.util.ArrayList.forEach(ArrayList.java:1511)
... Removed 31 stack frames]]>
    </failure>
  </testcase> <!-- check2StarReviewsTest -->
</testsuite> <!-- Default test -->
