<?xml version="1.0" encoding="UTF-8"?>
<testng-results ignored="0" total="5" passed="4" failed="1" skipped="0">
  <reporter-output>
  </reporter-output>
  <suite started-at="2023-05-01T16:53:40 CEST" name="Default suite" finished-at="2023-05-01T16:53:47 CEST" duration-ms="7393">
    <groups>
    </groups>
    <test started-at="2023-05-01T16:53:40 CEST" name="Default test" finished-at="2023-05-01T16:53:47 CEST" duration-ms="7393">
      <class name="trustedshopsTest.TrustedShopsE2ETest">
        <test-method is-config="true" signature="setUp()[pri:0, instance:trustedshopsTest.TrustedShopsE2ETest@6c80d78a]" started-at="2023-05-01T16:53:40 CEST" name="setUp" finished-at="2023-05-01T16:53:42 CEST" duration-ms="2506" status="PASS">
          <reporter-output>
          </reporter-output>
        </test-method> <!-- setUp -->
        <test-method signature="pageTitleForJalousiescoutReviewPage()[pri:1, instance:trustedshopsTest.TrustedShopsE2ETest@6c80d78a]" started-at="2023-05-01T16:53:42 CEST" name="pageTitleForJalousiescoutReviewPage" finished-at="2023-05-01T16:53:43 CEST" duration-ms="225" status="PASS">
          <reporter-output>
          </reporter-output>
        </test-method> <!-- pageTitleForJalousiescoutReviewPage -->
        <test-method signature="checkGradeTest()[pri:2, instance:trustedshopsTest.TrustedShopsE2ETest@6c80d78a]" started-at="2023-05-01T16:53:43 CEST" name="checkGradeTest" finished-at="2023-05-01T16:53:43 CEST" duration-ms="97" status="PASS">
          <reporter-output>
          </reporter-output>
        </test-method> <!-- checkGradeTest -->
        <test-method signature="checkNotePageTest()[pri:3, instance:trustedshopsTest.TrustedShopsE2ETest@6c80d78a]" started-at="2023-05-01T16:53:43 CEST" name="checkNotePageTest" finished-at="2023-05-01T16:53:44 CEST" duration-ms="866" status="PASS">
          <reporter-output>
          </reporter-output>
        </test-method> <!-- checkNotePageTest -->
        <test-method signature="checkTotalReviewsPercentageTest()[pri:4, instance:trustedshopsTest.TrustedShopsE2ETest@6c80d78a]" started-at="2023-05-01T16:53:44 CEST" name="checkTotalReviewsPercentageTest" finished-at="2023-05-01T16:53:44 CEST" duration-ms="478" status="PASS">
          <reporter-output>
          </reporter-output>
        </test-method> <!-- checkTotalReviewsPercentageTest -->
        <test-method signature="check2StarReviewsTest()[pri:5, instance:trustedshopsTest.TrustedShopsE2ETest@6c80d78a]" started-at="2023-05-01T16:53:44 CEST" name="check2StarReviewsTest" finished-at="2023-05-01T16:53:47 CEST" duration-ms="2866" status="FAIL">
          <exception class="java.lang.AssertionError">
            <message>
              <![CDATA[expected [true] but found [false]]]>
            </message>
            <full-stacktrace>
              <![CDATA[java.lang.AssertionError: expected [true] but found [false]
at org.testng.Assert.fail(Assert.java:99)
at org.testng.Assert.failNotEquals(Assert.java:1037)
at org.testng.Assert.assertTrue(Assert.java:45)
at org.testng.Assert.assertTrue(Assert.java:55)
at trustedshopsPages.TrustedShopsE2ETestPage.verifyListOfAll2StarReviews(TrustedShopsE2ETestPage.java:96)
at trustedshopsTest.TrustedShopsE2ETest.check2StarReviewsTest(TrustedShopsE2ETest.java:95)
at java.base/jdk.internal.reflect.NativeMethodAccessorImpl.invoke0(Native Method)
at java.base/jdk.internal.reflect.NativeMethodAccessorImpl.invoke(NativeMethodAccessorImpl.java:77)
at java.base/jdk.internal.reflect.DelegatingMethodAccessorImpl.invoke(DelegatingMethodAccessorImpl.java:43)
at java.base/java.lang.reflect.Method.invoke(Method.java:568)
at org.testng.internal.MethodInvocationHelper.invokeMethod(MethodInvocationHelper.java:133)
at org.testng.internal.TestInvoker.invokeMethod(TestInvoker.java:598)
at org.testng.internal.TestInvoker.invokeTestMethod(TestInvoker.java:173)
at org.testng.internal.MethodRunner.runInSequence(MethodRunner.java:46)
at org.testng.internal.TestInvoker$MethodInvocationAgent.invoke(TestInvoker.java:824)
at org.testng.internal.TestInvoker.invokeTestMethods(TestInvoker.java:146)
at org.testng.internal.TestMethodWorker.invokeTestMethods(TestMethodWorker.java:146)
at org.testng.internal.TestMethodWorker.run(TestMethodWorker.java:128)
at java.base/java.util.ArrayList.forEach(ArrayList.java:1511)
at org.testng.TestRunner.privateRun(TestRunner.java:794)
at org.testng.TestRunner.run(TestRunner.java:596)
at org.testng.SuiteRunner.runTest(SuiteRunner.java:377)
at org.testng.SuiteRunner.runSequentially(SuiteRunner.java:371)
at org.testng.SuiteRunner.privateRun(SuiteRunner.java:332)
at org.testng.SuiteRunner.run(SuiteRunner.java:276)
at org.testng.SuiteRunnerWorker.runSuite(SuiteRunnerWorker.java:53)
at org.testng.SuiteRunnerWorker.run(SuiteRunnerWorker.java:96)
at org.testng.TestNG.runSuitesSequentially(TestNG.java:1212)
at org.testng.TestNG.runSuitesLocally(TestNG.java:1134)
at org.testng.TestNG.runSuites(TestNG.java:1063)
at org.testng.TestNG.run(TestNG.java:1031)
at org.testng.remote.AbstractRemoteTestNG.run(AbstractRemoteTestNG.java:115)
at org.testng.remote.RemoteTestNG.initAndRun(RemoteTestNG.java:251)
at org.testng.remote.RemoteTestNG.main(RemoteTestNG.java:77)
]]>
            </full-stacktrace>
          </exception> <!-- java.lang.AssertionError -->
          <reporter-output>
          </reporter-output>
        </test-method> <!-- check2StarReviewsTest -->
        <test-method is-config="true" signature="closeTest()[pri:0, instance:trustedshopsTest.TrustedShopsE2ETest@6c80d78a]" started-at="2023-05-01T16:53:47 CEST" name="closeTest" finished-at="2023-05-01T16:53:47 CEST" duration-ms="274" status="PASS">
          <reporter-output>
          </reporter-output>
        </test-method> <!-- closeTest -->
      </class> <!-- trustedshopsTest.TrustedShopsE2ETest -->
    </test> <!-- Default test -->
  </suite> <!-- Default suite -->
</testng-results>
